{
  "RSpec": {
    "coverage": {
      "/Users/duncanskinner/Documents/makers_academy/course/week_4/bookmark-challenge/spec/database_helpers_spec.rb": [
        1,
        null,
        1,
        1,
        1,
        1,
        null
      ],
      "/Users/duncanskinner/Documents/makers_academy/course/week_4/bookmark-challenge/spec/features/create_bookmark_spec.rb": [
        1,
        1,
        1,
        1,
        1,
        1,
        1,
        null,
        null
      ],
      "/Users/duncanskinner/Documents/makers_academy/course/week_4/bookmark-challenge/spec/features/deleting_bookmark_spec.rb": [
        1,
        1,
        1,
        1,
        1,
        1,
        null,
        1,
        1,
        null,
        null
      ],
      "/Users/duncanskinner/Documents/makers_academy/course/week_4/bookmark-challenge/spec/features/homepage_spec.rb": [
        1,
        1,
        1,
        1,
        null,
        null
      ],
      "/Users/duncanskinner/Documents/makers_academy/course/week_4/bookmark-challenge/spec/features/viewing_bookmarks_spec.rb": [
        1,
        null,
        1,
        1,
        null,
        1,
        1,
        1,
        null,
        1,
        null,
        1,
        1,
        1,
        null,
        null
      ],
      "/Users/duncanskinner/Documents/makers_academy/course/week_4/bookmark-challenge/spec/unit/bookmark_spec.rb": [
        1,
        1,
        null,
        null,
        1,
        null,
        1,
        1,
        1,
        null,
        1,
        1,
        1,
        null,
        1,
        null,
        1,
        1,
        1,
        1,
        1,
        null,
        null,
        null,
        1,
        1,
        1,
        1,
        null,
        1,
        1,
        1,
        1,
        null,
        null,
        null,
        1,
        1,
        1,
        1,
        null,
        1,
        null,
        1,
        null,
        1,
        1,
        1,
        null,
        null,
        null
      ]
    },
    "timestamp": 1570635326
  }
}
