{
  "RSpec": {
    "coverage": {
      "/Users/jessicamarais/Makers/Makers_Week4/bookmark-challenge/spec/database_helpers_spec.rb": [
        1,
        null,
        1,
        1,
        1,
        1,
        null
      ],
      "/Users/jessicamarais/Makers/Makers_Week4/bookmark-challenge/spec/features/create_bookmark_spec.rb": [
        1,
        1,
        1,
        1,
        1,
        1,
        1,
        null,
        null
      ],
      "/Users/jessicamarais/Makers/Makers_Week4/bookmark-challenge/spec/features/deleting_bookmark_spec.rb": [
        1,
        1,
        1,
        1,
        1,
        1,
        null,
        1,
        1,
        null,
        null
      ],
      "/Users/jessicamarais/Makers/Makers_Week4/bookmark-challenge/spec/features/error_invalid_url_spec.rb": [
        1,
        1,
        1,
        1,
        1,
        null,
        1,
        1,
        null,
        null,
        null
      ],
      "/Users/jessicamarais/Makers/Makers_Week4/bookmark-challenge/spec/features/homepage_spec.rb": [
        1,
        1,
        1,
        1,
        null,
        null
      ],
      "/Users/jessicamarais/Makers/Makers_Week4/bookmark-challenge/spec/features/update_bookmark_spec.rb": [
        1,
        1,
        1,
        1,
        1,
        null,
        1,
        1,
        null,
        1,
        1,
        1,
        null,
        1,
        1,
        1,
        null,
        null
      ],
      "/Users/jessicamarais/Makers/Makers_Week4/bookmark-challenge/spec/features/viewing_bookmarks_spec.rb": [
        1,
        null,
        1,
        1,
        null,
        1,
        1,
        1,
        null,
        1,
        null,
        1,
        1,
        1,
        null,
        null
      ],
      "/Users/jessicamarais/Makers/Makers_Week4/bookmark-challenge/spec/unit/bookmark_spec.rb": [
        1,
        1,
        null,
        null,
        1,
        null,
        1,
        1,
        1,
        null,
        1,
        1,
        1,
        null,
        1,
        null,
        1,
        1,
        1,
        1,
        1,
        null,
        null,
        null,
        1,
        1,
        1,
        1,
        null,
        1,
        1,
        1,
        1,
        null,
        null,
        1,
        1,
        1,
        null,
        null,
        null,
        1,
        1,
        1,
        1,
        null,
        1,
        null,
        1,
        null,
        1,
        1,
        1,
        null,
        null,
        null,
        1,
        1,
        1,
        1,
        null,
        1,
        1,
        1,
        1,
        null,
        null,
        null,
        1,
        1,
        1,
        null,
        1,
        null,
        1,
        1,
        1,
        1,
        null,
        null,
        null
      ],
      "/Users/jessicamarais/Makers/Makers_Week4/bookmark-challenge/spec/unit/database_connection_spec.rb": [
        1,
        null,
        1,
        null,
        1,
        1,
        1,
        1,
        null,
        null,
        null,
        1,
        1,
        1,
        null,
        1,
        null,
        1,
        null,
        null,
        null
      ]
    },
    "timestamp": 1570723840
  }
}
